<?xml version="1.0" encoding="UTF-8"?>
<testsuites name="jest tests" tests="7" failures="7" errors="0" time="28.885">
  <testsuite name="Payments API (e2e)" errors="0" failures="6" skipped="0" timestamp="2026-05-18T23:16:37" time="17.64" tests="6">
    <testcase classname="Payments API (e2e) GET /payments/invoices should get invoices for tenant" name="Payments API (e2e) GET /payments/invoices should get invoices for tenant" time="0.013">
      <failure>Error: Nest can&apos;t resolve dependencies of the RentalApplicationService (PrismaService, SecurityEventsService, ApplicationLifecycleService, RentalApplicationAiService, AuditLogService, ScheduleService, NotificationsService, ?, WorkflowEventService, WorkflowEventProcessor). Please make sure that the argument &quot;BullQueue_ai-screening&quot; at index [7] is available in the RentalApplicationModule module.

Potential solutions:
- Is RentalApplicationModule a valid NestJS module?
- If &quot;BullQueue_ai-screening&quot; is a provider, is it part of the current RentalApplicationModule?
- If &quot;BullQueue_ai-screening&quot; is exported from a separate @Module, is that module imported within RentalApplicationModule?
  @Module({
    imports: [ /* the Module containing &quot;BullQueue_ai-screening&quot; */ ]
  })

For more common dependency resolution issues, see: https://docs.nestjs.com/faq/common-errors
    at TestingInjector.lookupComponentInParentModules (C:\Users\plabr\Dev\pms-master\node_modules\.pnpm\@nestjs+core@11.1.18_@nestjs+common@11.1.18_@nestjs+microservices@11.1.18_@nestjs+platform-ex_x5lno5wpw3firp2bpb3jqja5wy\node_modules\@nestjs\core\injector\injector.js:290:19)
    at TestingInjector.resolveComponentWrapper (C:\Users\plabr\Dev\pms-master\node_modules\.pnpm\@nestjs+testing@11.1.18_@nestjs+common@11.1.18_@nestjs+core@11.1.18_@nestjs+microservices@11._d24kcpbwj76osmnrgqjmugonz4\node_modules\@nestjs\testing\testing-injector.js:19:45)
    at resolveParam (C:\Users\plabr\Dev\pms-master\node_modules\.pnpm\@nestjs+core@11.1.18_@nestjs+common@11.1.18_@nestjs+microservices@11.1.18_@nestjs+platform-ex_x5lno5wpw3firp2bpb3jqja5wy\node_modules\@nestjs\core\injector\injector.js:140:38)
    at async Promise.all (index 7)
    at TestingInjector.resolveConstructorParams (C:\Users\plabr\Dev\pms-master\node_modules\.pnpm\@nestjs+core@11.1.18_@nestjs+common@11.1.18_@nestjs+microservices@11.1.18_@nestjs+platform-ex_x5lno5wpw3firp2bpb3jqja5wy\node_modules\@nestjs\core\injector\injector.js:169:27)
    at TestingInjector.loadInstance (C:\Users\plabr\Dev\pms-master\node_modules\.pnpm\@nestjs+core@11.1.18_@nestjs+common@11.1.18_@nestjs+microservices@11.1.18_@nestjs+platform-ex_x5lno5wpw3firp2bpb3jqja5wy\node_modules\@nestjs\core\injector\injector.js:75:13)
    at TestingInjector.loadProvider (C:\Users\plabr\Dev\pms-master\node_modules\.pnpm\@nestjs+core@11.1.18_@nestjs+common@11.1.18_@nestjs+microservices@11.1.18_@nestjs+platform-ex_x5lno5wpw3firp2bpb3jqja5wy\node_modules\@nestjs\core\injector\injector.js:103:9)
    at C:\Users\plabr\Dev\pms-master\node_modules\.pnpm\@nestjs+core@11.1.18_@nestjs+common@11.1.18_@nestjs+microservices@11.1.18_@nestjs+platform-ex_x5lno5wpw3firp2bpb3jqja5wy\node_modules\@nestjs\core\injector\instance-loader.js:56:13
    at async Promise.all (index 3)
    at TestingInstanceLoader.createInstancesOfProviders (C:\Users\plabr\Dev\pms-master\node_modules\.pnpm\@nestjs+core@11.1.18_@nestjs+common@11.1.18_@nestjs+microservices@11.1.18_@nestjs+platform-ex_x5lno5wpw3firp2bpb3jqja5wy\node_modules\@nestjs\core\injector\instance-loader.js:55:9)
    at C:\Users\plabr\Dev\pms-master\node_modules\.pnpm\@nestjs+core@11.1.18_@nestjs+common@11.1.18_@nestjs+microservices@11.1.18_@nestjs+platform-ex_x5lno5wpw3firp2bpb3jqja5wy\node_modules\@nestjs\core\injector\instance-loader.js:40:13
    at async Promise.all (index 32)
    at TestingInstanceLoader.createInstances (C:\Users\plabr\Dev\pms-master\node_modules\.pnpm\@nestjs+core@11.1.18_@nestjs+common@11.1.18_@nestjs+microservices@11.1.18_@nestjs+platform-ex_x5lno5wpw3firp2bpb3jqja5wy\node_modules\@nestjs\core\injector\instance-loader.js:39:9)
    at TestingInstanceLoader.createInstancesOfDependencies (C:\Users\plabr\Dev\pms-master\node_modules\.pnpm\@nestjs+core@11.1.18_@nestjs+common@11.1.18_@nestjs+microservices@11.1.18_@nestjs+platform-ex_x5lno5wpw3firp2bpb3jqja5wy\node_modules\@nestjs\core\injector\instance-loader.js:22:13)
    at TestingInstanceLoader.createInstancesOfDependencies (C:\Users\plabr\Dev\pms-master\node_modules\.pnpm\@nestjs+testing@11.1.18_@nestjs+common@11.1.18_@nestjs+core@11.1.18_@nestjs+microservices@11._d24kcpbwj76osmnrgqjmugonz4\node_modules\@nestjs\testing\testing-instance-loader.js:9:9)
    at TestingModuleBuilder.createInstancesOfDependencies (C:\Users\plabr\Dev\pms-master\node_modules\.pnpm\@nestjs+testing@11.1.18_@nestjs+common@11.1.18_@nestjs+core@11.1.18_@nestjs+microservices@11._d24kcpbwj76osmnrgqjmugonz4\node_modules\@nestjs\testing\testing-module.builder.js:118:9)
    at TestingModuleBuilder.compile (C:\Users\plabr\Dev\pms-master\node_modules\.pnpm\@nestjs+testing@11.1.18_@nestjs+common@11.1.18_@nestjs+core@11.1.18_@nestjs+microservices@11._d24kcpbwj76osmnrgqjmugonz4\node_modules\@nestjs\testing\testing-module.builder.js:74:9)
    at Object.&lt;anonymous&gt; (C:\Users\plabr\Dev\pms-master\tenant_portal_backend\test\payments.e2e.spec.ts:20:42)</failure>
    </testcase>
    <testcase classname="Payments API (e2e) GET /payments/invoices should require authentication" name="Payments API (e2e) GET /payments/invoices should require authentication" time="0.013">
      <failure>Error: Nest can&apos;t resolve dependencies of the RentalApplicationService (PrismaService, SecurityEventsService, ApplicationLifecycleService, RentalApplicationAiService, AuditLogService, ScheduleService, NotificationsService, ?, WorkflowEventService, WorkflowEventProcessor). Please make sure that the argument &quot;BullQueue_ai-screening&quot; at index [7] is available in the RentalApplicationModule module.

Potential solutions:
- Is RentalApplicationModule a valid NestJS module?
- If &quot;BullQueue_ai-screening&quot; is a provider, is it part of the current RentalApplicationModule?
- If &quot;BullQueue_ai-screening&quot; is exported from a separate @Module, is that module imported within RentalApplicationModule?
  @Module({
    imports: [ /* the Module containing &quot;BullQueue_ai-screening&quot; */ ]
  })

For more common dependency resolution issues, see: https://docs.nestjs.com/faq/common-errors
    at TestingInjector.lookupComponentInParentModules (C:\Users\plabr\Dev\pms-master\node_modules\.pnpm\@nestjs+core@11.1.18_@nestjs+common@11.1.18_@nestjs+microservices@11.1.18_@nestjs+platform-ex_x5lno5wpw3firp2bpb3jqja5wy\node_modules\@nestjs\core\injector\injector.js:290:19)
    at TestingInjector.resolveComponentWrapper (C:\Users\plabr\Dev\pms-master\node_modules\.pnpm\@nestjs+testing@11.1.18_@nestjs+common@11.1.18_@nestjs+core@11.1.18_@nestjs+microservices@11._d24kcpbwj76osmnrgqjmugonz4\node_modules\@nestjs\testing\testing-injector.js:19:45)
    at resolveParam (C:\Users\plabr\Dev\pms-master\node_modules\.pnpm\@nestjs+core@11.1.18_@nestjs+common@11.1.18_@nestjs+microservices@11.1.18_@nestjs+platform-ex_x5lno5wpw3firp2bpb3jqja5wy\node_modules\@nestjs\core\injector\injector.js:140:38)
    at async Promise.all (index 7)
    at TestingInjector.resolveConstructorParams (C:\Users\plabr\Dev\pms-master\node_modules\.pnpm\@nestjs+core@11.1.18_@nestjs+common@11.1.18_@nestjs+microservices@11.1.18_@nestjs+platform-ex_x5lno5wpw3firp2bpb3jqja5wy\node_modules\@nestjs\core\injector\injector.js:169:27)
    at TestingInjector.loadInstance (C:\Users\plabr\Dev\pms-master\node_modules\.pnpm\@nestjs+core@11.1.18_@nestjs+common@11.1.18_@nestjs+microservices@11.1.18_@nestjs+platform-ex_x5lno5wpw3firp2bpb3jqja5wy\node_modules\@nestjs\core\injector\injector.js:75:13)
    at TestingInjector.loadProvider (C:\Users\plabr\Dev\pms-master\node_modules\.pnpm\@nestjs+core@11.1.18_@nestjs+common@11.1.18_@nestjs+microservices@11.1.18_@nestjs+platform-ex_x5lno5wpw3firp2bpb3jqja5wy\node_modules\@nestjs\core\injector\injector.js:103:9)
    at C:\Users\plabr\Dev\pms-master\node_modules\.pnpm\@nestjs+core@11.1.18_@nestjs+common@11.1.18_@nestjs+microservices@11.1.18_@nestjs+platform-ex_x5lno5wpw3firp2bpb3jqja5wy\node_modules\@nestjs\core\injector\instance-loader.js:56:13
    at async Promise.all (index 3)
    at TestingInstanceLoader.createInstancesOfProviders (C:\Users\plabr\Dev\pms-master\node_modules\.pnpm\@nestjs+core@11.1.18_@nestjs+common@11.1.18_@nestjs+microservices@11.1.18_@nestjs+platform-ex_x5lno5wpw3firp2bpb3jqja5wy\node_modules\@nestjs\core\injector\instance-loader.js:55:9)
    at C:\Users\plabr\Dev\pms-master\node_modules\.pnpm\@nestjs+core@11.1.18_@nestjs+common@11.1.18_@nestjs+microservices@11.1.18_@nestjs+platform-ex_x5lno5wpw3firp2bpb3jqja5wy\node_modules\@nestjs\core\injector\instance-loader.js:40:13
    at async Promise.all (index 32)
    at TestingInstanceLoader.createInstances (C:\Users\plabr\Dev\pms-master\node_modules\.pnpm\@nestjs+core@11.1.18_@nestjs+common@11.1.18_@nestjs+microservices@11.1.18_@nestjs+platform-ex_x5lno5wpw3firp2bpb3jqja5wy\node_modules\@nestjs\core\injector\instance-loader.js:39:9)
    at TestingInstanceLoader.createInstancesOfDependencies (C:\Users\plabr\Dev\pms-master\node_modules\.pnpm\@nestjs+core@11.1.18_@nestjs+common@11.1.18_@nestjs+microservices@11.1.18_@nestjs+platform-ex_x5lno5wpw3firp2bpb3jqja5wy\node_modules\@nestjs\core\injector\instance-loader.js:22:13)
    at TestingInstanceLoader.createInstancesOfDependencies (C:\Users\plabr\Dev\pms-master\node_modules\.pnpm\@nestjs+testing@11.1.18_@nestjs+common@11.1.18_@nestjs+core@11.1.18_@nestjs+microservices@11._d24kcpbwj76osmnrgqjmugonz4\node_modules\@nestjs\testing\testing-instance-loader.js:9:9)
    at TestingModuleBuilder.createInstancesOfDependencies (C:\Users\plabr\Dev\pms-master\node_modules\.pnpm\@nestjs+testing@11.1.18_@nestjs+common@11.1.18_@nestjs+core@11.1.18_@nestjs+microservices@11._d24kcpbwj76osmnrgqjmugonz4\node_modules\@nestjs\testing\testing-module.builder.js:118:9)
    at TestingModuleBuilder.compile (C:\Users\plabr\Dev\pms-master\node_modules\.pnpm\@nestjs+testing@11.1.18_@nestjs+common@11.1.18_@nestjs+core@11.1.18_@nestjs+microservices@11._d24kcpbwj76osmnrgqjmugonz4\node_modules\@nestjs\testing\testing-module.builder.js:74:9)
    at Object.&lt;anonymous&gt; (C:\Users\plabr\Dev\pms-master\tenant_portal_backend\test\payments.e2e.spec.ts:20:42)</failure>
    </testcase>
    <testcase classname="Payments API (e2e) POST /payments should create payment for invoice" name="Payments API (e2e) POST /payments should create payment for invoice" time="0.002">
      <failure>Error: Nest can&apos;t resolve dependencies of the RentalApplicationService (PrismaService, SecurityEventsService, ApplicationLifecycleService, RentalApplicationAiService, AuditLogService, ScheduleService, NotificationsService, ?, WorkflowEventService, WorkflowEventProcessor). Please make sure that the argument &quot;BullQueue_ai-screening&quot; at index [7] is available in the RentalApplicationModule module.

Potential solutions:
- Is RentalApplicationModule a valid NestJS module?
- If &quot;BullQueue_ai-screening&quot; is a provider, is it part of the current RentalApplicationModule?
- If &quot;BullQueue_ai-screening&quot; is exported from a separate @Module, is that module imported within RentalApplicationModule?
  @Module({
    imports: [ /* the Module containing &quot;BullQueue_ai-screening&quot; */ ]
  })

For more common dependency resolution issues, see: https://docs.nestjs.com/faq/common-errors
    at TestingInjector.lookupComponentInParentModules (C:\Users\plabr\Dev\pms-master\node_modules\.pnpm\@nestjs+core@11.1.18_@nestjs+common@11.1.18_@nestjs+microservices@11.1.18_@nestjs+platform-ex_x5lno5wpw3firp2bpb3jqja5wy\node_modules\@nestjs\core\injector\injector.js:290:19)
    at TestingInjector.resolveComponentWrapper (C:\Users\plabr\Dev\pms-master\node_modules\.pnpm\@nestjs+testing@11.1.18_@nestjs+common@11.1.18_@nestjs+core@11.1.18_@nestjs+microservices@11._d24kcpbwj76osmnrgqjmugonz4\node_modules\@nestjs\testing\testing-injector.js:19:45)
    at resolveParam (C:\Users\plabr\Dev\pms-master\node_modules\.pnpm\@nestjs+core@11.1.18_@nestjs+common@11.1.18_@nestjs+microservices@11.1.18_@nestjs+platform-ex_x5lno5wpw3firp2bpb3jqja5wy\node_modules\@nestjs\core\injector\injector.js:140:38)
    at async Promise.all (index 7)
    at TestingInjector.resolveConstructorParams (C:\Users\plabr\Dev\pms-master\node_modules\.pnpm\@nestjs+core@11.1.18_@nestjs+common@11.1.18_@nestjs+microservices@11.1.18_@nestjs+platform-ex_x5lno5wpw3firp2bpb3jqja5wy\node_modules\@nestjs\core\injector\injector.js:169:27)
    at TestingInjector.loadInstance (C:\Users\plabr\Dev\pms-master\node_modules\.pnpm\@nestjs+core@11.1.18_@nestjs+common@11.1.18_@nestjs+microservices@11.1.18_@nestjs+platform-ex_x5lno5wpw3firp2bpb3jqja5wy\node_modules\@nestjs\core\injector\injector.js:75:13)
    at TestingInjector.loadProvider (C:\Users\plabr\Dev\pms-master\node_modules\.pnpm\@nestjs+core@11.1.18_@nestjs+common@11.1.18_@nestjs+microservices@11.1.18_@nestjs+platform-ex_x5lno5wpw3firp2bpb3jqja5wy\node_modules\@nestjs\core\injector\injector.js:103:9)
    at C:\Users\plabr\Dev\pms-master\node_modules\.pnpm\@nestjs+core@11.1.18_@nestjs+common@11.1.18_@nestjs+microservices@11.1.18_@nestjs+platform-ex_x5lno5wpw3firp2bpb3jqja5wy\node_modules\@nestjs\core\injector\instance-loader.js:56:13
    at async Promise.all (index 3)
    at TestingInstanceLoader.createInstancesOfProviders (C:\Users\plabr\Dev\pms-master\node_modules\.pnpm\@nestjs+core@11.1.18_@nestjs+common@11.1.18_@nestjs+microservices@11.1.18_@nestjs+platform-ex_x5lno5wpw3firp2bpb3jqja5wy\node_modules\@nestjs\core\injector\instance-loader.js:55:9)
    at C:\Users\plabr\Dev\pms-master\node_modules\.pnpm\@nestjs+core@11.1.18_@nestjs+common@11.1.18_@nestjs+microservices@11.1.18_@nestjs+platform-ex_x5lno5wpw3firp2bpb3jqja5wy\node_modules\@nestjs\core\injector\instance-loader.js:40:13
    at async Promise.all (index 32)
    at TestingInstanceLoader.createInstances (C:\Users\plabr\Dev\pms-master\node_modules\.pnpm\@nestjs+core@11.1.18_@nestjs+common@11.1.18_@nestjs+microservices@11.1.18_@nestjs+platform-ex_x5lno5wpw3firp2bpb3jqja5wy\node_modules\@nestjs\core\injector\instance-loader.js:39:9)
    at TestingInstanceLoader.createInstancesOfDependencies (C:\Users\plabr\Dev\pms-master\node_modules\.pnpm\@nestjs+core@11.1.18_@nestjs+common@11.1.18_@nestjs+microservices@11.1.18_@nestjs+platform-ex_x5lno5wpw3firp2bpb3jqja5wy\node_modules\@nestjs\core\injector\instance-loader.js:22:13)
    at TestingInstanceLoader.createInstancesOfDependencies (C:\Users\plabr\Dev\pms-master\node_modules\.pnpm\@nestjs+testing@11.1.18_@nestjs+common@11.1.18_@nestjs+core@11.1.18_@nestjs+microservices@11._d24kcpbwj76osmnrgqjmugonz4\node_modules\@nestjs\testing\testing-instance-loader.js:9:9)
    at TestingModuleBuilder.createInstancesOfDependencies (C:\Users\plabr\Dev\pms-master\node_modules\.pnpm\@nestjs+testing@11.1.18_@nestjs+common@11.1.18_@nestjs+core@11.1.18_@nestjs+microservices@11._d24kcpbwj76osmnrgqjmugonz4\node_modules\@nestjs\testing\testing-module.builder.js:118:9)
    at TestingModuleBuilder.compile (C:\Users\plabr\Dev\pms-master\node_modules\.pnpm\@nestjs+testing@11.1.18_@nestjs+common@11.1.18_@nestjs+core@11.1.18_@nestjs+microservices@11._d24kcpbwj76osmnrgqjmugonz4\node_modules\@nestjs\testing\testing-module.builder.js:74:9)
    at Object.&lt;anonymous&gt; (C:\Users\plabr\Dev\pms-master\tenant_portal_backend\test\payments.e2e.spec.ts:20:42)</failure>
    </testcase>
    <testcase classname="Payments API (e2e) POST /payments should validate payment amount" name="Payments API (e2e) POST /payments should validate payment amount" time="0.012">
      <failure>Error: Nest can&apos;t resolve dependencies of the RentalApplicationService (PrismaService, SecurityEventsService, ApplicationLifecycleService, RentalApplicationAiService, AuditLogService, ScheduleService, NotificationsService, ?, WorkflowEventService, WorkflowEventProcessor). Please make sure that the argument &quot;BullQueue_ai-screening&quot; at index [7] is available in the RentalApplicationModule module.

Potential solutions:
- Is RentalApplicationModule a valid NestJS module?
- If &quot;BullQueue_ai-screening&quot; is a provider, is it part of the current RentalApplicationModule?
- If &quot;BullQueue_ai-screening&quot; is exported from a separate @Module, is that module imported within RentalApplicationModule?
  @Module({
    imports: [ /* the Module containing &quot;BullQueue_ai-screening&quot; */ ]
  })

For more common dependency resolution issues, see: https://docs.nestjs.com/faq/common-errors
    at TestingInjector.lookupComponentInParentModules (C:\Users\plabr\Dev\pms-master\node_modules\.pnpm\@nestjs+core@11.1.18_@nestjs+common@11.1.18_@nestjs+microservices@11.1.18_@nestjs+platform-ex_x5lno5wpw3firp2bpb3jqja5wy\node_modules\@nestjs\core\injector\injector.js:290:19)
    at TestingInjector.resolveComponentWrapper (C:\Users\plabr\Dev\pms-master\node_modules\.pnpm\@nestjs+testing@11.1.18_@nestjs+common@11.1.18_@nestjs+core@11.1.18_@nestjs+microservices@11._d24kcpbwj76osmnrgqjmugonz4\node_modules\@nestjs\testing\testing-injector.js:19:45)
    at resolveParam (C:\Users\plabr\Dev\pms-master\node_modules\.pnpm\@nestjs+core@11.1.18_@nestjs+common@11.1.18_@nestjs+microservices@11.1.18_@nestjs+platform-ex_x5lno5wpw3firp2bpb3jqja5wy\node_modules\@nestjs\core\injector\injector.js:140:38)
    at async Promise.all (index 7)
    at TestingInjector.resolveConstructorParams (C:\Users\plabr\Dev\pms-master\node_modules\.pnpm\@nestjs+core@11.1.18_@nestjs+common@11.1.18_@nestjs+microservices@11.1.18_@nestjs+platform-ex_x5lno5wpw3firp2bpb3jqja5wy\node_modules\@nestjs\core\injector\injector.js:169:27)
    at TestingInjector.loadInstance (C:\Users\plabr\Dev\pms-master\node_modules\.pnpm\@nestjs+core@11.1.18_@nestjs+common@11.1.18_@nestjs+microservices@11.1.18_@nestjs+platform-ex_x5lno5wpw3firp2bpb3jqja5wy\node_modules\@nestjs\core\injector\injector.js:75:13)
    at TestingInjector.loadProvider (C:\Users\plabr\Dev\pms-master\node_modules\.pnpm\@nestjs+core@11.1.18_@nestjs+common@11.1.18_@nestjs+microservices@11.1.18_@nestjs+platform-ex_x5lno5wpw3firp2bpb3jqja5wy\node_modules\@nestjs\core\injector\injector.js:103:9)
    at C:\Users\plabr\Dev\pms-master\node_modules\.pnpm\@nestjs+core@11.1.18_@nestjs+common@11.1.18_@nestjs+microservices@11.1.18_@nestjs+platform-ex_x5lno5wpw3firp2bpb3jqja5wy\node_modules\@nestjs\core\injector\instance-loader.js:56:13
    at async Promise.all (index 3)
    at TestingInstanceLoader.createInstancesOfProviders (C:\Users\plabr\Dev\pms-master\node_modules\.pnpm\@nestjs+core@11.1.18_@nestjs+common@11.1.18_@nestjs+microservices@11.1.18_@nestjs+platform-ex_x5lno5wpw3firp2bpb3jqja5wy\node_modules\@nestjs\core\injector\instance-loader.js:55:9)
    at C:\Users\plabr\Dev\pms-master\node_modules\.pnpm\@nestjs+core@11.1.18_@nestjs+common@11.1.18_@nestjs+microservices@11.1.18_@nestjs+platform-ex_x5lno5wpw3firp2bpb3jqja5wy\node_modules\@nestjs\core\injector\instance-loader.js:40:13
    at async Promise.all (index 32)
    at TestingInstanceLoader.createInstances (C:\Users\plabr\Dev\pms-master\node_modules\.pnpm\@nestjs+core@11.1.18_@nestjs+common@11.1.18_@nestjs+microservices@11.1.18_@nestjs+platform-ex_x5lno5wpw3firp2bpb3jqja5wy\node_modules\@nestjs\core\injector\instance-loader.js:39:9)
    at TestingInstanceLoader.createInstancesOfDependencies (C:\Users\plabr\Dev\pms-master\node_modules\.pnpm\@nestjs+core@11.1.18_@nestjs+common@11.1.18_@nestjs+microservices@11.1.18_@nestjs+platform-ex_x5lno5wpw3firp2bpb3jqja5wy\node_modules\@nestjs\core\injector\instance-loader.js:22:13)
    at TestingInstanceLoader.createInstancesOfDependencies (C:\Users\plabr\Dev\pms-master\node_modules\.pnpm\@nestjs+testing@11.1.18_@nestjs+common@11.1.18_@nestjs+core@11.1.18_@nestjs+microservices@11._d24kcpbwj76osmnrgqjmugonz4\node_modules\@nestjs\testing\testing-instance-loader.js:9:9)
    at TestingModuleBuilder.createInstancesOfDependencies (C:\Users\plabr\Dev\pms-master\node_modules\.pnpm\@nestjs+testing@11.1.18_@nestjs+common@11.1.18_@nestjs+core@11.1.18_@nestjs+microservices@11._d24kcpbwj76osmnrgqjmugonz4\node_modules\@nestjs\testing\testing-module.builder.js:118:9)
    at TestingModuleBuilder.compile (C:\Users\plabr\Dev\pms-master\node_modules\.pnpm\@nestjs+testing@11.1.18_@nestjs+common@11.1.18_@nestjs+core@11.1.18_@nestjs+microservices@11._d24kcpbwj76osmnrgqjmugonz4\node_modules\@nestjs\testing\testing-module.builder.js:74:9)
    at Object.&lt;anonymous&gt; (C:\Users\plabr\Dev\pms-master\tenant_portal_backend\test\payments.e2e.spec.ts:20:42)</failure>
    </testcase>
    <testcase classname="Payments API (e2e) GET /payments/payment-methods should get payment methods for tenant" name="Payments API (e2e) GET /payments/payment-methods should get payment methods for tenant" time="0">
      <failure>Error: Nest can&apos;t resolve dependencies of the RentalApplicationService (PrismaService, SecurityEventsService, ApplicationLifecycleService, RentalApplicationAiService, AuditLogService, ScheduleService, NotificationsService, ?, WorkflowEventService, WorkflowEventProcessor). Please make sure that the argument &quot;BullQueue_ai-screening&quot; at index [7] is available in the RentalApplicationModule module.

Potential solutions:
- Is RentalApplicationModule a valid NestJS module?
- If &quot;BullQueue_ai-screening&quot; is a provider, is it part of the current RentalApplicationModule?
- If &quot;BullQueue_ai-screening&quot; is exported from a separate @Module, is that module imported within RentalApplicationModule?
  @Module({
    imports: [ /* the Module containing &quot;BullQueue_ai-screening&quot; */ ]
  })

For more common dependency resolution issues, see: https://docs.nestjs.com/faq/common-errors
    at TestingInjector.lookupComponentInParentModules (C:\Users\plabr\Dev\pms-master\node_modules\.pnpm\@nestjs+core@11.1.18_@nestjs+common@11.1.18_@nestjs+microservices@11.1.18_@nestjs+platform-ex_x5lno5wpw3firp2bpb3jqja5wy\node_modules\@nestjs\core\injector\injector.js:290:19)
    at TestingInjector.resolveComponentWrapper (C:\Users\plabr\Dev\pms-master\node_modules\.pnpm\@nestjs+testing@11.1.18_@nestjs+common@11.1.18_@nestjs+core@11.1.18_@nestjs+microservices@11._d24kcpbwj76osmnrgqjmugonz4\node_modules\@nestjs\testing\testing-injector.js:19:45)
    at resolveParam (C:\Users\plabr\Dev\pms-master\node_modules\.pnpm\@nestjs+core@11.1.18_@nestjs+common@11.1.18_@nestjs+microservices@11.1.18_@nestjs+platform-ex_x5lno5wpw3firp2bpb3jqja5wy\node_modules\@nestjs\core\injector\injector.js:140:38)
    at async Promise.all (index 7)
    at TestingInjector.resolveConstructorParams (C:\Users\plabr\Dev\pms-master\node_modules\.pnpm\@nestjs+core@11.1.18_@nestjs+common@11.1.18_@nestjs+microservices@11.1.18_@nestjs+platform-ex_x5lno5wpw3firp2bpb3jqja5wy\node_modules\@nestjs\core\injector\injector.js:169:27)
    at TestingInjector.loadInstance (C:\Users\plabr\Dev\pms-master\node_modules\.pnpm\@nestjs+core@11.1.18_@nestjs+common@11.1.18_@nestjs+microservices@11.1.18_@nestjs+platform-ex_x5lno5wpw3firp2bpb3jqja5wy\node_modules\@nestjs\core\injector\injector.js:75:13)
    at TestingInjector.loadProvider (C:\Users\plabr\Dev\pms-master\node_modules\.pnpm\@nestjs+core@11.1.18_@nestjs+common@11.1.18_@nestjs+microservices@11.1.18_@nestjs+platform-ex_x5lno5wpw3firp2bpb3jqja5wy\node_modules\@nestjs\core\injector\injector.js:103:9)
    at C:\Users\plabr\Dev\pms-master\node_modules\.pnpm\@nestjs+core@11.1.18_@nestjs+common@11.1.18_@nestjs+microservices@11.1.18_@nestjs+platform-ex_x5lno5wpw3firp2bpb3jqja5wy\node_modules\@nestjs\core\injector\instance-loader.js:56:13
    at async Promise.all (index 3)
    at TestingInstanceLoader.createInstancesOfProviders (C:\Users\plabr\Dev\pms-master\node_modules\.pnpm\@nestjs+core@11.1.18_@nestjs+common@11.1.18_@nestjs+microservices@11.1.18_@nestjs+platform-ex_x5lno5wpw3firp2bpb3jqja5wy\node_modules\@nestjs\core\injector\instance-loader.js:55:9)
    at C:\Users\plabr\Dev\pms-master\node_modules\.pnpm\@nestjs+core@11.1.18_@nestjs+common@11.1.18_@nestjs+microservices@11.1.18_@nestjs+platform-ex_x5lno5wpw3firp2bpb3jqja5wy\node_modules\@nestjs\core\injector\instance-loader.js:40:13
    at async Promise.all (index 32)
    at TestingInstanceLoader.createInstances (C:\Users\plabr\Dev\pms-master\node_modules\.pnpm\@nestjs+core@11.1.18_@nestjs+common@11.1.18_@nestjs+microservices@11.1.18_@nestjs+platform-ex_x5lno5wpw3firp2bpb3jqja5wy\node_modules\@nestjs\core\injector\instance-loader.js:39:9)
    at TestingInstanceLoader.createInstancesOfDependencies (C:\Users\plabr\Dev\pms-master\node_modules\.pnpm\@nestjs+core@11.1.18_@nestjs+common@11.1.18_@nestjs+microservices@11.1.18_@nestjs+platform-ex_x5lno5wpw3firp2bpb3jqja5wy\node_modules\@nestjs\core\injector\instance-loader.js:22:13)
    at TestingInstanceLoader.createInstancesOfDependencies (C:\Users\plabr\Dev\pms-master\node_modules\.pnpm\@nestjs+testing@11.1.18_@nestjs+common@11.1.18_@nestjs+core@11.1.18_@nestjs+microservices@11._d24kcpbwj76osmnrgqjmugonz4\node_modules\@nestjs\testing\testing-instance-loader.js:9:9)
    at TestingModuleBuilder.createInstancesOfDependencies (C:\Users\plabr\Dev\pms-master\node_modules\.pnpm\@nestjs+testing@11.1.18_@nestjs+common@11.1.18_@nestjs+core@11.1.18_@nestjs+microservices@11._d24kcpbwj76osmnrgqjmugonz4\node_modules\@nestjs\testing\testing-module.builder.js:118:9)
    at TestingModuleBuilder.compile (C:\Users\plabr\Dev\pms-master\node_modules\.pnpm\@nestjs+testing@11.1.18_@nestjs+common@11.1.18_@nestjs+core@11.1.18_@nestjs+microservices@11._d24kcpbwj76osmnrgqjmugonz4\node_modules\@nestjs\testing\testing-module.builder.js:74:9)
    at Object.&lt;anonymous&gt; (C:\Users\plabr\Dev\pms-master\tenant_portal_backend\test\payments.e2e.spec.ts:20:42)</failure>
    </testcase>
    <testcase classname="Payments API (e2e) POST /payments/payment-methods should create payment method" name="Payments API (e2e) POST /payments/payment-methods should create payment method" time="0.001">
      <failure>Error: Nest can&apos;t resolve dependencies of the RentalApplicationService (PrismaService, SecurityEventsService, ApplicationLifecycleService, RentalApplicationAiService, AuditLogService, ScheduleService, NotificationsService, ?, WorkflowEventService, WorkflowEventProcessor). Please make sure that the argument &quot;BullQueue_ai-screening&quot; at index [7] is available in the RentalApplicationModule module.

Potential solutions:
- Is RentalApplicationModule a valid NestJS module?
- If &quot;BullQueue_ai-screening&quot; is a provider, is it part of the current RentalApplicationModule?
- If &quot;BullQueue_ai-screening&quot; is exported from a separate @Module, is that module imported within RentalApplicationModule?
  @Module({
    imports: [ /* the Module containing &quot;BullQueue_ai-screening&quot; */ ]
  })

For more common dependency resolution issues, see: https://docs.nestjs.com/faq/common-errors
    at TestingInjector.lookupComponentInParentModules (C:\Users\plabr\Dev\pms-master\node_modules\.pnpm\@nestjs+core@11.1.18_@nestjs+common@11.1.18_@nestjs+microservices@11.1.18_@nestjs+platform-ex_x5lno5wpw3firp2bpb3jqja5wy\node_modules\@nestjs\core\injector\injector.js:290:19)
    at TestingInjector.resolveComponentWrapper (C:\Users\plabr\Dev\pms-master\node_modules\.pnpm\@nestjs+testing@11.1.18_@nestjs+common@11.1.18_@nestjs+core@11.1.18_@nestjs+microservices@11._d24kcpbwj76osmnrgqjmugonz4\node_modules\@nestjs\testing\testing-injector.js:19:45)
    at resolveParam (C:\Users\plabr\Dev\pms-master\node_modules\.pnpm\@nestjs+core@11.1.18_@nestjs+common@11.1.18_@nestjs+microservices@11.1.18_@nestjs+platform-ex_x5lno5wpw3firp2bpb3jqja5wy\node_modules\@nestjs\core\injector\injector.js:140:38)
    at async Promise.all (index 7)
    at TestingInjector.resolveConstructorParams (C:\Users\plabr\Dev\pms-master\node_modules\.pnpm\@nestjs+core@11.1.18_@nestjs+common@11.1.18_@nestjs+microservices@11.1.18_@nestjs+platform-ex_x5lno5wpw3firp2bpb3jqja5wy\node_modules\@nestjs\core\injector\injector.js:169:27)
    at TestingInjector.loadInstance (C:\Users\plabr\Dev\pms-master\node_modules\.pnpm\@nestjs+core@11.1.18_@nestjs+common@11.1.18_@nestjs+microservices@11.1.18_@nestjs+platform-ex_x5lno5wpw3firp2bpb3jqja5wy\node_modules\@nestjs\core\injector\injector.js:75:13)
    at TestingInjector.loadProvider (C:\Users\plabr\Dev\pms-master\node_modules\.pnpm\@nestjs+core@11.1.18_@nestjs+common@11.1.18_@nestjs+microservices@11.1.18_@nestjs+platform-ex_x5lno5wpw3firp2bpb3jqja5wy\node_modules\@nestjs\core\injector\injector.js:103:9)
    at C:\Users\plabr\Dev\pms-master\node_modules\.pnpm\@nestjs+core@11.1.18_@nestjs+common@11.1.18_@nestjs+microservices@11.1.18_@nestjs+platform-ex_x5lno5wpw3firp2bpb3jqja5wy\node_modules\@nestjs\core\injector\instance-loader.js:56:13
    at async Promise.all (index 3)
    at TestingInstanceLoader.createInstancesOfProviders (C:\Users\plabr\Dev\pms-master\node_modules\.pnpm\@nestjs+core@11.1.18_@nestjs+common@11.1.18_@nestjs+microservices@11.1.18_@nestjs+platform-ex_x5lno5wpw3firp2bpb3jqja5wy\node_modules\@nestjs\core\injector\instance-loader.js:55:9)
    at C:\Users\plabr\Dev\pms-master\node_modules\.pnpm\@nestjs+core@11.1.18_@nestjs+common@11.1.18_@nestjs+microservices@11.1.18_@nestjs+platform-ex_x5lno5wpw3firp2bpb3jqja5wy\node_modules\@nestjs\core\injector\instance-loader.js:40:13
    at async Promise.all (index 32)
    at TestingInstanceLoader.createInstances (C:\Users\plabr\Dev\pms-master\node_modules\.pnpm\@nestjs+core@11.1.18_@nestjs+common@11.1.18_@nestjs+microservices@11.1.18_@nestjs+platform-ex_x5lno5wpw3firp2bpb3jqja5wy\node_modules\@nestjs\core\injector\instance-loader.js:39:9)
    at TestingInstanceLoader.createInstancesOfDependencies (C:\Users\plabr\Dev\pms-master\node_modules\.pnpm\@nestjs+core@11.1.18_@nestjs+common@11.1.18_@nestjs+microservices@11.1.18_@nestjs+platform-ex_x5lno5wpw3firp2bpb3jqja5wy\node_modules\@nestjs\core\injector\instance-loader.js:22:13)
    at TestingInstanceLoader.createInstancesOfDependencies (C:\Users\plabr\Dev\pms-master\node_modules\.pnpm\@nestjs+testing@11.1.18_@nestjs+common@11.1.18_@nestjs+core@11.1.18_@nestjs+microservices@11._d24kcpbwj76osmnrgqjmugonz4\node_modules\@nestjs\testing\testing-instance-loader.js:9:9)
    at TestingModuleBuilder.createInstancesOfDependencies (C:\Users\plabr\Dev\pms-master\node_modules\.pnpm\@nestjs+testing@11.1.18_@nestjs+common@11.1.18_@nestjs+core@11.1.18_@nestjs+microservices@11._d24kcpbwj76osmnrgqjmugonz4\node_modules\@nestjs\testing\testing-module.builder.js:118:9)
    at TestingModuleBuilder.compile (C:\Users\plabr\Dev\pms-master\node_modules\.pnpm\@nestjs+testing@11.1.18_@nestjs+common@11.1.18_@nestjs+core@11.1.18_@nestjs+microservices@11._d24kcpbwj76osmnrgqjmugonz4\node_modules\@nestjs\testing\testing-module.builder.js:74:9)
    at Object.&lt;anonymous&gt; (C:\Users\plabr\Dev\pms-master\tenant_portal_backend\test\payments.e2e.spec.ts:20:42)</failure>
    </testcase>
    <testcase classname=" Test execution failure: could be caused by test hooks like &apos;afterAll&apos;." name=" Test execution failure: could be caused by test hooks like &apos;afterAll&apos;." time="0">
      <failure>{&quot;message&quot;:&quot;&quot;,&quot;stack&quot;:&quot;TypeError: Cannot read properties of undefined (reading &apos;close&apos;)\n    at Object.&lt;anonymous&gt; (C:\\Users\\plabr\\Dev\\pms-master\\tenant_portal_backend\\test\\payments.e2e.spec.ts:69:15)&quot;}</failure>
    </testcase>
  </testsuite>
  <testsuite name="EsignatureModule (e2e)" errors="0" failures="1" skipped="0" timestamp="2026-05-18T23:16:55" time="10.306" tests="1">
    <testcase classname="EsignatureModule (e2e) creates envelopes, launches recipient view, and processes completion webhook" name="EsignatureModule (e2e) creates envelopes, launches recipient view, and processes completion webhook" time="0.029">
      <failure>Error: Nest can&apos;t resolve dependencies of the RentalApplicationService (PrismaService, SecurityEventsService, ApplicationLifecycleService, RentalApplicationAiService, AuditLogService, ScheduleService, NotificationsService, ?, WorkflowEventService, WorkflowEventProcessor). Please make sure that the argument &quot;BullQueue_ai-screening&quot; at index [7] is available in the RentalApplicationModule module.

Potential solutions:
- Is RentalApplicationModule a valid NestJS module?
- If &quot;BullQueue_ai-screening&quot; is a provider, is it part of the current RentalApplicationModule?
- If &quot;BullQueue_ai-screening&quot; is exported from a separate @Module, is that module imported within RentalApplicationModule?
  @Module({
    imports: [ /* the Module containing &quot;BullQueue_ai-screening&quot; */ ]
  })

For more common dependency resolution issues, see: https://docs.nestjs.com/faq/common-errors
    at TestingInjector.lookupComponentInParentModules (C:\Users\plabr\Dev\pms-master\node_modules\.pnpm\@nestjs+core@11.1.18_@nestjs+common@11.1.18_@nestjs+microservices@11.1.18_@nestjs+platform-ex_x5lno5wpw3firp2bpb3jqja5wy\node_modules\@nestjs\core\injector\injector.js:290:19)
    at TestingInjector.resolveComponentWrapper (C:\Users\plabr\Dev\pms-master\node_modules\.pnpm\@nestjs+testing@11.1.18_@nestjs+common@11.1.18_@nestjs+core@11.1.18_@nestjs+microservices@11._d24kcpbwj76osmnrgqjmugonz4\node_modules\@nestjs\testing\testing-injector.js:19:45)
    at resolveParam (C:\Users\plabr\Dev\pms-master\node_modules\.pnpm\@nestjs+core@11.1.18_@nestjs+common@11.1.18_@nestjs+microservices@11.1.18_@nestjs+platform-ex_x5lno5wpw3firp2bpb3jqja5wy\node_modules\@nestjs\core\injector\injector.js:140:38)
    at async Promise.all (index 7)
    at TestingInjector.resolveConstructorParams (C:\Users\plabr\Dev\pms-master\node_modules\.pnpm\@nestjs+core@11.1.18_@nestjs+common@11.1.18_@nestjs+microservices@11.1.18_@nestjs+platform-ex_x5lno5wpw3firp2bpb3jqja5wy\node_modules\@nestjs\core\injector\injector.js:169:27)
    at TestingInjector.loadInstance (C:\Users\plabr\Dev\pms-master\node_modules\.pnpm\@nestjs+core@11.1.18_@nestjs+common@11.1.18_@nestjs+microservices@11.1.18_@nestjs+platform-ex_x5lno5wpw3firp2bpb3jqja5wy\node_modules\@nestjs\core\injector\injector.js:75:13)
    at TestingInjector.loadProvider (C:\Users\plabr\Dev\pms-master\node_modules\.pnpm\@nestjs+core@11.1.18_@nestjs+common@11.1.18_@nestjs+microservices@11.1.18_@nestjs+platform-ex_x5lno5wpw3firp2bpb3jqja5wy\node_modules\@nestjs\core\injector\injector.js:103:9)
    at C:\Users\plabr\Dev\pms-master\node_modules\.pnpm\@nestjs+core@11.1.18_@nestjs+common@11.1.18_@nestjs+microservices@11.1.18_@nestjs+platform-ex_x5lno5wpw3firp2bpb3jqja5wy\node_modules\@nestjs\core\injector\instance-loader.js:56:13
    at async Promise.all (index 3)
    at TestingInstanceLoader.createInstancesOfProviders (C:\Users\plabr\Dev\pms-master\node_modules\.pnpm\@nestjs+core@11.1.18_@nestjs+common@11.1.18_@nestjs+microservices@11.1.18_@nestjs+platform-ex_x5lno5wpw3firp2bpb3jqja5wy\node_modules\@nestjs\core\injector\instance-loader.js:55:9)
    at C:\Users\plabr\Dev\pms-master\node_modules\.pnpm\@nestjs+core@11.1.18_@nestjs+common@11.1.18_@nestjs+microservices@11.1.18_@nestjs+platform-ex_x5lno5wpw3firp2bpb3jqja5wy\node_modules\@nestjs\core\injector\instance-loader.js:40:13
    at async Promise.all (index 32)
    at TestingInstanceLoader.createInstances (C:\Users\plabr\Dev\pms-master\node_modules\.pnpm\@nestjs+core@11.1.18_@nestjs+common@11.1.18_@nestjs+microservices@11.1.18_@nestjs+platform-ex_x5lno5wpw3firp2bpb3jqja5wy\node_modules\@nestjs\core\injector\instance-loader.js:39:9)
    at TestingInstanceLoader.createInstancesOfDependencies (C:\Users\plabr\Dev\pms-master\node_modules\.pnpm\@nestjs+core@11.1.18_@nestjs+common@11.1.18_@nestjs+microservices@11.1.18_@nestjs+platform-ex_x5lno5wpw3firp2bpb3jqja5wy\node_modules\@nestjs\core\injector\instance-loader.js:22:13)
    at TestingInstanceLoader.createInstancesOfDependencies (C:\Users\plabr\Dev\pms-master\node_modules\.pnpm\@nestjs+testing@11.1.18_@nestjs+common@11.1.18_@nestjs+core@11.1.18_@nestjs+microservices@11._d24kcpbwj76osmnrgqjmugonz4\node_modules\@nestjs\testing\testing-instance-loader.js:9:9)
    at TestingModuleBuilder.createInstancesOfDependencies (C:\Users\plabr\Dev\pms-master\node_modules\.pnpm\@nestjs+testing@11.1.18_@nestjs+common@11.1.18_@nestjs+core@11.1.18_@nestjs+microservices@11._d24kcpbwj76osmnrgqjmugonz4\node_modules\@nestjs\testing\testing-module.builder.js:118:9)
    at TestingModuleBuilder.compile (C:\Users\plabr\Dev\pms-master\node_modules\.pnpm\@nestjs+testing@11.1.18_@nestjs+common@11.1.18_@nestjs+core@11.1.18_@nestjs+microservices@11._d24kcpbwj76osmnrgqjmugonz4\node_modules\@nestjs\testing\testing-module.builder.js:74:9)
    at Object.&lt;anonymous&gt; (C:\Users\plabr\Dev\pms-master\tenant_portal_backend\test\esignature.e2e.spec.ts:17:42)</failure>
    </testcase>
    <testcase classname=" Test execution failure: could be caused by test hooks like &apos;afterAll&apos;." name=" Test execution failure: could be caused by test hooks like &apos;afterAll&apos;." time="0">
      <failure>{&quot;message&quot;:&quot;&quot;,&quot;stack&quot;:&quot;TypeError: Cannot read properties of undefined (reading &apos;close&apos;)\n    at Object.&lt;anonymous&gt; (C:\\Users\\plabr\\Dev\\pms-master\\tenant_portal_backend\\test\\esignature.e2e.spec.ts:70:15)\n    at Promise.finally.completed (C:\\Users\\plabr\\Dev\\pms-master\\node_modules\\.pnpm\\jest-circus@30.3.0\\node_modules\\jest-circus\\build\\jestAdapterInit.js:1557:28)\n    at new Promise (&lt;anonymous&gt;)\n    at callAsyncCircusFn (C:\\Users\\plabr\\Dev\\pms-master\\node_modules\\.pnpm\\jest-circus@30.3.0\\node_modules\\jest-circus\\build\\jestAdapterInit.js:1497:10)\n    at _callCircusHook (C:\\Users\\plabr\\Dev\\pms-master\\node_modules\\.pnpm\\jest-circus@30.3.0\\node_modules\\jest-circus\\build\\jestAdapterInit.js:976:40)\n    at _runTestsForDescribeBlock (C:\\Users\\plabr\\Dev\\pms-master\\node_modules\\.pnpm\\jest-circus@30.3.0\\node_modules\\jest-circus\\build\\jestAdapterInit.js:891:7)\n    at _runTestsForDescribeBlock (C:\\Users\\plabr\\Dev\\pms-master\\node_modules\\.pnpm\\jest-circus@30.3.0\\node_modules\\jest-circus\\build\\jestAdapterInit.js:857:11)\n    at run (C:\\Users\\plabr\\Dev\\pms-master\\node_modules\\.pnpm\\jest-circus@30.3.0\\node_modules\\jest-circus\\build\\jestAdapterInit.js:761:3)\n    at runAndTransformResultsToJestFormat (C:\\Users\\plabr\\Dev\\pms-master\\node_modules\\.pnpm\\jest-circus@30.3.0\\node_modules\\jest-circus\\build\\jestAdapterInit.js:1918:21)\n    at jestAdapter (C:\\Users\\plabr\\Dev\\pms-master\\node_modules\\.pnpm\\jest-circus@30.3.0\\node_modules\\jest-circus\\build\\runner.js:101:19)\n    at runTestInternal (C:\\Users\\plabr\\Dev\\pms-master\\node_modules\\.pnpm\\jest-runner@30.3.0\\node_modules\\jest-runner\\build\\index.js:275:16)\n    at runTest (C:\\Users\\plabr\\Dev\\pms-master\\node_modules\\.pnpm\\jest-runner@30.3.0\\node_modules\\jest-runner\\build\\index.js:343:7)&quot;}</failure>
    </testcase>
  </testsuite>
</testsuites>